<?xml version="1.0" encoding="UTF-8"?>
<testng-results skipped="0" failed="0" ignored="0" total="1" passed="1">
  <reporter-output>
  </reporter-output>
  <suite name="Default suite" duration-ms="9183" started-at="2019-05-07T07:30:21Z" finished-at="2019-05-07T07:30:30Z">
    <groups>
    </groups>
    <test name="Default test" duration-ms="9183" started-at="2019-05-07T07:30:21Z" finished-at="2019-05-07T07:30:30Z">
      <class name="log4j.logtest">
        <test-method status="PASS" signature="starttest()[pri:0, instance:log4j.logtest@523884b2]" name="starttest" is-config="true" duration-ms="6262" started-at="2019-05-07T07:30:21Z" finished-at="2019-05-07T07:30:27Z">
          <reporter-output>
          </reporter-output>
        </test-method> <!-- starttest -->
        <test-method status="PASS" signature="testcase1()[pri:0, instance:log4j.logtest@523884b2]" name="testcase1" duration-ms="2840" started-at="2019-05-07T07:30:27Z" finished-at="2019-05-07T07:30:30Z">
          <reporter-output>
          </reporter-output>
        </test-method> <!-- testcase1 -->
      </class> <!-- log4j.logtest -->
    </test> <!-- Default test -->
  </suite> <!-- Default suite -->
</testng-results>
